This is pdfTeX, Version 3.141592653-2.6-1.40.25 (TeX Live 2023/Arch Linux) (preloaded format=pdflatex 2023.12.23)  27 DEC 2023 13:00
entering extended mode
 restricted \write18 enabled.
 file:line:error style messages enabled.
 %&-line parsing enabled.
**deep_learning.tex
(./deep_learning.tex
LaTeX2e <2022-11-01> patch level 1
L3 programming layer <2023-02-22> (/usr/share/texmf-dist/tex/latex/base/report.cls
Document Class: report 2022/07/02 v1.4n Standard LaTeX document class
(/usr/share/texmf-dist/tex/latex/base/size10.clo
File: size10.clo 2022/07/02 v1.4n Standard LaTeX file (size option)
)
\c@part=\count185
\c@chapter=\count186
\c@section=\count187
\c@subsection=\count188
\c@subsubsection=\count189
\c@paragraph=\count190
\c@subparagraph=\count191
\c@figure=\count192
\c@table=\count193
\abovecaptionskip=\skip48
\belowcaptionskip=\skip49
\bibindent=\dimen140
) (./preamble.tex (/usr/share/texmf-dist/tex/latex/listings/listings.sty (/usr/share/texmf-dist/tex/latex/graphics/keyval.sty
Package: keyval 2022/05/29 v1.15 key=value parser (DPC)
\KV@toks@=\toks16
)
\lst@mode=\count194
\lst@gtempboxa=\box51
\lst@token=\toks17
\lst@length=\count195
\lst@currlwidth=\dimen141
\lst@column=\count196
\lst@pos=\count197
\lst@lostspace=\dimen142
\lst@width=\dimen143
\lst@newlines=\count198
\lst@lineno=\count199
\lst@maxwidth=\dimen144
 (/usr/share/texmf-dist/tex/latex/listings/lstmisc.sty
File: lstmisc.sty 2023/02/27 1.9 (Carsten Heinz)
\c@lstnumber=\count266
\lst@skipnumbers=\count267
\lst@framebox=\box52
) (/usr/share/texmf-dist/tex/latex/listings/listings.cfg
File: listings.cfg 2023/02/27 1.9 listings configuration
))
Package: listings 2023/02/27 1.9 (Carsten Heinz)
 (/usr/share/texmf-dist/tex/latex/geometry/geometry.sty
Package: geometry 2020/01/02 v5.9 Page Geometry
 (/usr/share/texmf-dist/tex/generic/iftex/ifvtex.sty
Package: ifvtex 2019/10/25 v1.7 ifvtex legacy package. Use iftex instead.
 (/usr/share/texmf-dist/tex/generic/iftex/iftex.sty
Package: iftex 2022/02/03 v1.0f TeX engine tests
))
\Gm@cnth=\count268
\Gm@cntv=\count269
\c@Gm@tempcnt=\count270
\Gm@bindingoffset=\dimen145
\Gm@wd@mp=\dimen146
\Gm@odd@mp=\dimen147
\Gm@even@mp=\dimen148
\Gm@layoutwidth=\dimen149
\Gm@layoutheight=\dimen150
\Gm@layouthoffset=\dimen151
\Gm@layoutvoffset=\dimen152
\Gm@dimlist=\toks18
) (/usr/share/texmf-dist/tex/latex/amsmath/amsmath.sty
Package: amsmath 2022/04/08 v2.17n AMS math features
\@mathmargin=\skip50

For additional information on amsmath, use the `?' option.
(/usr/share/texmf-dist/tex/latex/amsmath/amstext.sty
Package: amstext 2021/08/26 v2.01 AMS text
 (/usr/share/texmf-dist/tex/latex/amsmath/amsgen.sty
File: amsgen.sty 1999/11/30 v2.0 generic functions
\@emptytoks=\toks19
\ex@=\dimen153
)) (/usr/share/texmf-dist/tex/latex/amsmath/amsbsy.sty
Package: amsbsy 1999/11/29 v1.2d Bold Symbols
\pmbraise@=\dimen154
) (/usr/share/texmf-dist/tex/latex/amsmath/amsopn.sty
Package: amsopn 2022/04/08 v2.04 operator names
)
\inf@bad=\count271
LaTeX Info: Redefining \frac on input line 234.
\uproot@=\count272
\leftroot@=\count273
LaTeX Info: Redefining \overline on input line 399.
LaTeX Info: Redefining \colon on input line 410.
\classnum@=\count274
\DOTSCASE@=\count275
LaTeX Info: Redefining \ldots on input line 496.
LaTeX Info: Redefining \dots on input line 499.
LaTeX Info: Redefining \cdots on input line 620.
\Mathstrutbox@=\box53
\strutbox@=\box54
LaTeX Info: Redefining \big on input line 722.
LaTeX Info: Redefining \Big on input line 723.
LaTeX Info: Redefining \bigg on input line 724.
LaTeX Info: Redefining \Bigg on input line 725.
\big@size=\dimen155
LaTeX Font Info:    Redeclaring font encoding OML on input line 743.
LaTeX Font Info:    Redeclaring font encoding OMS on input line 744.
\macc@depth=\count276
LaTeX Info: Redefining \bmod on input line 905.
LaTeX Info: Redefining \pmod on input line 910.
LaTeX Info: Redefining \smash on input line 940.
LaTeX Info: Redefining \relbar on input line 970.
LaTeX Info: Redefining \Relbar on input line 971.
\c@MaxMatrixCols=\count277
\dotsspace@=\muskip16
\c@parentequation=\count278
\dspbrk@lvl=\count279
\tag@help=\toks20
\row@=\count280
\column@=\count281
\maxfields@=\count282
\andhelp@=\toks21
\eqnshift@=\dimen156
\alignsep@=\dimen157
\tagshift@=\dimen158
\tagwidth@=\dimen159
\totwidth@=\dimen160
\lineht@=\dimen161
\@envbody=\toks22
\multlinegap=\skip51
\multlinetaggap=\skip52
\mathdisplay@stack=\toks23
LaTeX Info: Redefining \[ on input line 2953.
LaTeX Info: Redefining \] on input line 2954.
) (/usr/share/texmf-dist/tex/latex/amsfonts/amsfonts.sty
Package: amsfonts 2013/01/14 v3.01 Basic AMSFonts support
\symAMSa=\mathgroup4
\symAMSb=\mathgroup5
LaTeX Font Info:    Redeclaring math symbol \hbar on input line 98.
LaTeX Font Info:    Overwriting math alphabet `\mathfrak' in version `bold'
(Font)                  U/euf/m/n --> U/euf/b/n on input line 106.
) (/usr/share/texmf-dist/tex/latex/amscls/amsthm.sty
Package: amsthm 2020/05/29 v2.20.6
\thm@style=\toks24
\thm@bodyfont=\toks25
\thm@headfont=\toks26
\thm@notefont=\toks27
\thm@headpunct=\toks28
\thm@preskip=\skip53
\thm@postskip=\skip54
\thm@headsep=\skip55
\dth@everypar=\toks29
) (/usr/share/texmf-dist/tex/latex/amsfonts/amssymb.sty
Package: amssymb 2013/01/14 v3.01 AMS font symbols
) (/usr/share/texmf-dist/tex/latex/mathtools/mathtools.sty
Package: mathtools 2022/06/29 v1.29 mathematical typesetting tools
 (/usr/share/texmf-dist/tex/latex/tools/calc.sty
Package: calc 2017/05/25 v4.3 Infix arithmetic (KKT,FJ)
\calc@Acount=\count283
\calc@Bcount=\count284
\calc@Adimen=\dimen162
\calc@Bdimen=\dimen163
\calc@Askip=\skip56
\calc@Bskip=\skip57
LaTeX Info: Redefining \setlength on input line 80.
LaTeX Info: Redefining \addtolength on input line 81.
\calc@Ccount=\count285
\calc@Cskip=\skip58
) (/usr/share/texmf-dist/tex/latex/mathtools/mhsetup.sty
Package: mhsetup 2021/03/18 v1.4 programming setup (MH)
)
\g_MT_multlinerow_int=\count286
\l_MT_multwidth_dim=\dimen164
\origjot=\skip59
\l_MT_shortvdotswithinadjustabove_dim=\dimen165
\l_MT_shortvdotswithinadjustbelow_dim=\dimen166
\l_MT_above_intertext_sep=\dimen167
\l_MT_below_intertext_sep=\dimen168
\l_MT_above_shortintertext_sep=\dimen169
\l_MT_below_shortintertext_sep=\dimen170
\xmathstrut@box=\box55
\xmathstrut@dim=\dimen171
) (/usr/share/texmf-dist/tex/latex/newpx/newpxmath.sty
Package: newpxmath 2021/12/04 v1.5
 `newpxmath' v1.5, 2021/12/04 Math macros based on pxfonts (msharpe) (/usr/share/texmf-dist/tex/latex/etoolbox/etoolbox.sty
Package: etoolbox 2020/10/05 v2.5k e-TeX tools for LaTeX (JAW)
\etb@tempcnta=\count287
) (/usr/share/texmf-dist/tex/generic/kastrup/binhex.tex) (/usr/share/texmf-dist/tex/latex/xkeyval/xkeyval.sty
Package: xkeyval 2022/06/16 v2.9 package option processing (HA)
 (/usr/share/texmf-dist/tex/generic/xkeyval/xkeyval.tex (/usr/share/texmf-dist/tex/generic/xkeyval/xkvutils.tex
\XKV@toks=\toks30
\XKV@tempa@toks=\toks31
)
\XKV@depth=\count288
File: xkeyval.tex 2014/12/03 v2.7a key=value parser (HA)
)) (/usr/share/texmf-dist/tex/latex/oberdiek/centernot.sty
Package: centernot 2016/05/16 v1.4 Centers the not symbol horizontally (HO)
)
\px@tA=\toks32
\px@tB=\toks33
\px@su=\read2
\px@Isdigit=\count289
LaTeX Font Info:    Redeclaring symbol font `operators' on input line 211.
LaTeX Font Info:    Overwriting symbol font `operators' in version `normal'
(Font)                  OT1/cmr/m/n --> OT1/cmr/m/n on input line 211.
LaTeX Font Info:    Overwriting symbol font `operators' in version `bold'
(Font)                  OT1/cmr/bx/n --> OT1/cmr/m/n on input line 211.
LaTeX Font Info:    Overwriting symbol font `operators' in version `bold'
(Font)                  OT1/cmr/m/n --> OT1/cmr/b/n on input line 212.
LaTeX Font Info:    Redeclaring math alphabet \mathsf on input line 215.
LaTeX Font Info:    Overwriting math alphabet `\mathsf' in version `normal'
(Font)                  OT1/cmss/m/n --> OT1/cmss/m/n on input line 215.
LaTeX Font Info:    Overwriting math alphabet `\mathsf' in version `bold'
(Font)                  OT1/cmss/bx/n --> OT1/cmss/m/n on input line 215.
LaTeX Font Info:    Redeclaring math alphabet \mathit on input line 216.
LaTeX Font Info:    Overwriting math alphabet `\mathit' in version `normal'
(Font)                  OT1/cmr/m/it --> OT1/cmr/m/it on input line 216.
LaTeX Font Info:    Overwriting math alphabet `\mathit' in version `bold'
(Font)                  OT1/cmr/bx/it --> OT1/cmr/m/it on input line 216.
LaTeX Font Info:    Redeclaring math alphabet \mathtt on input line 217.
LaTeX Font Info:    Overwriting math alphabet `\mathtt' in version `normal'
(Font)                  OT1/cmtt/m/n --> OT1/cmtt/m/n on input line 217.
LaTeX Font Info:    Overwriting math alphabet `\mathtt' in version `bold'
(Font)                  OT1/cmtt/m/n --> OT1/cmtt/m/n on input line 217.
LaTeX Font Info:    Redeclaring math alphabet \mathbf on input line 219.
LaTeX Font Info:    Overwriting math alphabet `\mathbf' in version `normal'
(Font)                  OT1/cmr/bx/n --> OT1/cmr/b/n on input line 219.
LaTeX Font Info:    Overwriting math alphabet `\mathbf' in version `bold'
(Font)                  OT1/cmr/bx/n --> OT1/cmr/b/n on input line 219.
LaTeX Font Info:    Overwriting math alphabet `\mathit' in version `bold'
(Font)                  OT1/cmr/m/it --> OT1/cmr/b/it on input line 220.
LaTeX Font Info:    Overwriting math alphabet `\mathsf' in version `bold'
(Font)                  OT1/cmss/m/n --> OT1/cmss/b/n on input line 222.
LaTeX Font Info:    Overwriting math alphabet `\mathtt' in version `bold'
(Font)                  OT1/cmtt/m/n --> OT1/cmtt/b/n on input line 223.
LaTeX Font Info:    Redeclaring symbol font `letters' on input line 234.
LaTeX Font Info:    Overwriting symbol font `letters' in version `normal'
(Font)                  OML/cmm/m/it --> OML/npxmi/m/it on input line 234.
LaTeX Font Info:    Overwriting symbol font `letters' in version `bold'
(Font)                  OML/cmm/b/it --> OML/npxmi/m/it on input line 234.
LaTeX Font Info:    Overwriting symbol font `letters' in version `bold'
(Font)                  OML/npxmi/m/it --> OML/npxmi/b/it on input line 235.
\symlettersA=\mathgroup6
LaTeX Font Info:    Overwriting symbol font `lettersA' in version `bold'
(Font)                  U/npxmia/m/it --> U/npxmia/b/it on input line 253.
LaTeX Font Info:    Redeclaring math alphabet \mathfrak on input line 255.
Now handling font encoding LMS ...
... no UTF-8 mapping file for font encoding LMS
LaTeX Font Info:    Redeclaring symbol font `symbols' on input line 263.
LaTeX Font Info:    Encoding `OMS' has changed to `LMS' for symbol font
(Font)              `symbols' in the math version `normal' on input line 263.
LaTeX Font Info:    Overwriting symbol font `symbols' in version `normal'
(Font)                  OMS/cmsy/m/n --> LMS/npxsy/m/n on input line 263.
LaTeX Font Info:    Encoding `OMS' has changed to `LMS' for symbol font
(Font)              `symbols' in the math version `bold' on input line 263.
LaTeX Font Info:    Overwriting symbol font `symbols' in version `bold'
(Font)                  OMS/cmsy/b/n --> LMS/npxsy/m/n on input line 263.
LaTeX Font Info:    Overwriting symbol font `symbols' in version `bold'
(Font)                  LMS/npxsy/m/n --> LMS/npxsy/b/n on input line 264.
\symAMSm=\mathgroup7
LaTeX Font Info:    Overwriting symbol font `AMSm' in version `bold'
(Font)                  U/npxsym/m/n --> U/npxsym/b/n on input line 284.
\symsymbolsC=\mathgroup8
LaTeX Font Info:    Overwriting symbol font `symbolsC' in version `bold'
(Font)                  U/npxsyc/m/n --> U/npxsyc/b/n on input line 306.
Now handling font encoding LMX ...
... no UTF-8 mapping file for font encoding LMX
LaTeX Font Info:    Redeclaring symbol font `largesymbols' on input line 326.
LaTeX Font Info:    Encoding `OMX' has changed to `LMX' for symbol font
(Font)              `largesymbols' in the math version `normal' on input line 326.
LaTeX Font Info:    Overwriting symbol font `largesymbols' in version `normal'
(Font)                  OMX/cmex/m/n --> LMX/npxexx/m/n on input line 326.
LaTeX Font Info:    Encoding `OMX' has changed to `LMX' for symbol font
(Font)              `largesymbols' in the math version `bold' on input line 326.
LaTeX Font Info:    Overwriting symbol font `largesymbols' in version `bold'
(Font)                  OMX/cmex/m/n --> LMX/npxexx/m/n on input line 326.
LaTeX Font Info:    Overwriting symbol font `largesymbols' in version `bold'
(Font)                  LMX/npxexx/m/n --> LMX/npxexx/b/n on input line 327.
\symlargesymbolsPXA=\mathgroup9
LaTeX Font Info:    Overwriting symbol font `largesymbolsPXA' in version `bold'
(Font)                  U/npxexa/m/n --> U/npxexa/b/n on input line 334.
\px@cntz=\count290
\px@IsAlNum=\count291
\px@sbptoks=\toks34
LaTeX Font Info:    Redeclaring math delimiter \lfloor on input line 489.
LaTeX Font Info:    Redeclaring math delimiter \rfloor on input line 490.
LaTeX Font Info:    Redeclaring math delimiter \lceil on input line 491.
LaTeX Font Info:    Redeclaring math delimiter \rceil on input line 492.
LaTeX Font Info:    Redeclaring math delimiter \lbrace on input line 493.
LaTeX Font Info:    Redeclaring math delimiter \rbrace on input line 494.
LaTeX Font Info:    Redeclaring math delimiter \langle on input line 495.
LaTeX Font Info:    Redeclaring math delimiter \rangle on input line 497.
LaTeX Font Info:    Redeclaring math delimiter \arrowvert on input line 501.
LaTeX Font Info:    Redeclaring math delimiter \vert on input line 502.
LaTeX Font Info:    Redeclaring math symbol \parallel on input line 503.
LaTeX Font Info:    Redeclaring math delimiter \Arrowvert on input line 504.
LaTeX Font Info:    Redeclaring math accent \grave on input line 544.
LaTeX Font Info:    Redeclaring math accent \acute on input line 545.
LaTeX Font Info:    Redeclaring math accent \hat on input line 546.
LaTeX Font Info:    Redeclaring math accent \tilde on input line 547.
LaTeX Font Info:    Redeclaring math accent \bar on input line 548.
LaTeX Font Info:    Redeclaring math accent \breve on input line 549.
LaTeX Font Info:    Redeclaring math accent \mathring on input line 550.
LaTeX Font Info:    Redeclaring math accent \check on input line 551.
LaTeX Font Info:    Redeclaring math accent \dot on input line 555.
LaTeX Font Info:    Redeclaring math accent \ddot on input line 556.
LaTeX Font Info:    Redeclaring math accent \vec on input line 1598.
LaTeX Info: Redefining \Bbbk on input line 2175.
LaTeX Info: Redefining \not on input line 2457.
LaTeX Info: Redefining \textsquare on input line 2472.
LaTeX Info: Redefining \openbox on input line 2474.
) (/usr/share/texmf-dist/tex/latex/l3packages/xfrac/xfrac.sty (/usr/share/texmf-dist/tex/latex/l3kernel/expl3.sty
Package: expl3 2023-02-22 L3 programming layer (loader) 
 (/usr/share/texmf-dist/tex/latex/l3backend/l3backend-pdftex.def
File: l3backend-pdftex.def 2023-01-16 L3 backend support: PDF output (pdfTeX)
\l__color_backend_stack_int=\count292
\l__pdf_internal_box=\box56
)) (/usr/share/texmf-dist/tex/latex/graphics/graphicx.sty
Package: graphicx 2021/09/16 v1.2d Enhanced LaTeX Graphics (DPC,SPQR)
 (/usr/share/texmf-dist/tex/latex/graphics/graphics.sty
Package: graphics 2022/03/10 v1.4e Standard LaTeX Graphics (DPC,SPQR)
 (/usr/share/texmf-dist/tex/latex/graphics/trig.sty
Package: trig 2021/08/11 v1.11 sin cos tan (DPC)
) (/usr/share/texmf-dist/tex/latex/graphics-cfg/graphics.cfg
File: graphics.cfg 2016/06/04 v1.11 sample graphics configuration
)
Package graphics Info: Driver file: pdftex.def on input line 107.
 (/usr/share/texmf-dist/tex/latex/graphics-def/pdftex.def
File: pdftex.def 2022/09/22 v1.2b Graphics/color driver for pdftex
))
\Gin@req@height=\dimen172
\Gin@req@width=\dimen173
) (/usr/share/texmf-dist/tex/latex/l3packages/l3keys2e/l3keys2e.sty
Package: l3keys2e 2023-02-02 LaTeX2e option processing using LaTeX3 keys
) (/usr/share/texmf-dist/tex/latex/base/textcomp.sty
Package: textcomp 2020/02/02 v2.0n Standard LaTeX package
) (/usr/share/texmf-dist/tex/latex/l3packages/xparse/xparse.sty
Package: xparse 2023-02-02 L3 Experimental document command parser
) (/usr/share/texmf-dist/tex/latex/l3packages/xtemplate/xtemplate.sty
Package: xtemplate 2023-02-02 L3 Experimental prototype document functions
\l__xtemplate_tmp_dim=\dimen174
\l__xtemplate_tmp_int=\count293
\l__xtemplate_tmp_muskip=\muskip17
\l__xtemplate_tmp_skip=\skip60
)
Package: xfrac 2023-02-02 L3 Experimental split-level fractions
\l__xfrac_slash_box=\box57
\l__xfrac_tmp_box=\box58
\l__xfrac_denominator_bot_sep_dim=\dimen175
\l__xfrac_numerator_bot_sep_dim=\dimen176
\l__xfrac_numerator_top_sep_dim=\dimen177
\l__xfrac_slash_left_sep_dim=\dimen178
\l__xfrac_slash_right_sep_dim=\dimen179
\l__xfrac_slash_left_muskip=\muskip18
\l__xfrac_slash_right_muskip=\muskip19

Package xtemplate Info: Declaring object type 'xfrac' taking 3 argument(s) on
(xtemplate)             line 80.

) (/usr/share/texmf-dist/tex/latex/cancel/cancel.sty
Package: cancel 2013/04/12 v2.2 Cancel math terms
) (/usr/share/texmf-dist/tex/latex/bookmark/bookmark.sty
Package: bookmark 2020-11-06 v1.29 PDF bookmarks (HO)
 (/usr/share/texmf-dist/tex/latex/hyperref/hyperref.sty
Package: hyperref 2023-02-07 v7.00v Hypertext links for LaTeX
 (/usr/share/texmf-dist/tex/generic/ltxcmds/ltxcmds.sty
Package: ltxcmds 2020-05-10 v1.25 LaTeX kernel commands for general use (HO)
) (/usr/share/texmf-dist/tex/generic/pdftexcmds/pdftexcmds.sty
Package: pdftexcmds 2020-06-27 v0.33 Utility functions of pdfTeX for LuaTeX (HO)

(/usr/share/texmf-dist/tex/generic/infwarerr/infwarerr.sty
Package: infwarerr 2019/12/03 v1.5 Providing info/warning/error messages (HO)
)
Package pdftexcmds Info: \pdf@primitive is available.
Package pdftexcmds Info: \pdf@ifprimitive is available.
Package pdftexcmds Info: \pdfdraftmode found.
) (/usr/share/texmf-dist/tex/latex/kvsetkeys/kvsetkeys.sty
Package: kvsetkeys 2022-10-05 v1.19 Key value parser (HO)
) (/usr/share/texmf-dist/tex/generic/kvdefinekeys/kvdefinekeys.sty
Package: kvdefinekeys 2019-12-19 v1.6 Define keys (HO)
) (/usr/share/texmf-dist/tex/generic/pdfescape/pdfescape.sty
Package: pdfescape 2019/12/09 v1.15 Implements pdfTeX's escape features (HO)
) (/usr/share/texmf-dist/tex/latex/hycolor/hycolor.sty
Package: hycolor 2020-01-27 v1.10 Color options for hyperref/bookmark (HO)
) (/usr/share/texmf-dist/tex/latex/letltxmacro/letltxmacro.sty
Package: letltxmacro 2019/12/03 v1.6 Let assignment for LaTeX macros (HO)
) (/usr/share/texmf-dist/tex/latex/auxhook/auxhook.sty
Package: auxhook 2019-12-17 v1.6 Hooks for auxiliary files (HO)
) (/usr/share/texmf-dist/tex/latex/hyperref/nameref.sty
Package: nameref 2022-05-17 v2.50 Cross-referencing by name of section
 (/usr/share/texmf-dist/tex/latex/refcount/refcount.sty
Package: refcount 2019/12/15 v3.6 Data extraction from label references (HO)
) (/usr/share/texmf-dist/tex/generic/gettitlestring/gettitlestring.sty
Package: gettitlestring 2019/12/15 v1.6 Cleanup title references (HO)
 (/usr/share/texmf-dist/tex/latex/kvoptions/kvoptions.sty
Package: kvoptions 2022-06-15 v3.15 Key value format for package options (HO)
))
\c@section@level=\count294
)
\@linkdim=\dimen180
\Hy@linkcounter=\count295
\Hy@pagecounter=\count296
 (/usr/share/texmf-dist/tex/latex/hyperref/pd1enc.def
File: pd1enc.def 2023-02-07 v7.00v Hyperref: PDFDocEncoding definition (HO)
Now handling font encoding PD1 ...
... no UTF-8 mapping file for font encoding PD1
) (/usr/share/texmf-dist/tex/generic/intcalc/intcalc.sty
Package: intcalc 2019/12/15 v1.3 Expandable calculations with integers (HO)
) (/usr/share/texmf-dist/tex/generic/etexcmds/etexcmds.sty
Package: etexcmds 2019/12/15 v1.7 Avoid name clashes with e-TeX commands (HO)
)
\Hy@SavedSpaceFactor=\count297
 (/usr/share/texmf-dist/tex/latex/hyperref/puenc.def
File: puenc.def 2023-02-07 v7.00v Hyperref: PDF Unicode definition (HO)
Now handling font encoding PU ...
... no UTF-8 mapping file for font encoding PU
)
Package hyperref Info: Hyper figures OFF on input line 4177.
Package hyperref Info: Link nesting OFF on input line 4182.
Package hyperref Info: Hyper index ON on input line 4185.
Package hyperref Info: Plain pages OFF on input line 4192.
Package hyperref Info: Backreferencing OFF on input line 4197.
Package hyperref Info: Implicit mode ON; LaTeX internals redefined.
Package hyperref Info: Bookmarks ON on input line 4425.
\c@Hy@tempcnt=\count298
 (/usr/share/texmf-dist/tex/latex/url/url.sty
\Urlmuskip=\muskip20
Package: url 2013/09/16  ver 3.4  Verb mode for urls, etc.
)
LaTeX Info: Redefining \url on input line 4763.
\XeTeXLinkMargin=\dimen181
 (/usr/share/texmf-dist/tex/generic/bitset/bitset.sty
Package: bitset 2019/12/09 v1.3 Handle bit-vector datatype (HO)
 (/usr/share/texmf-dist/tex/generic/bigintcalc/bigintcalc.sty
Package: bigintcalc 2019/12/15 v1.5 Expandable calculations on big integers (HO)
))
\Fld@menulength=\count299
\Field@Width=\dimen182
\Fld@charsize=\dimen183
Package hyperref Info: Hyper figures OFF on input line 6042.
Package hyperref Info: Link nesting OFF on input line 6047.
Package hyperref Info: Hyper index ON on input line 6050.
Package hyperref Info: backreferencing OFF on input line 6057.
Package hyperref Info: Link coloring OFF on input line 6062.
Package hyperref Info: Link coloring with OCG OFF on input line 6067.
Package hyperref Info: PDF/A mode OFF on input line 6072.
 (/usr/share/texmf-dist/tex/latex/base/atbegshi-ltx.sty
Package: atbegshi-ltx 2021/01/10 v1.0c Emulation of the original atbegshi
package with kernel methods
)
\Hy@abspage=\count300
\c@Item=\count301
\c@Hfootnote=\count302
)
Package hyperref Info: Driver (autodetected): hpdftex.
 (/usr/share/texmf-dist/tex/latex/hyperref/hpdftex.def
File: hpdftex.def 2023-02-07 v7.00v Hyperref driver for pdfTeX
 (/usr/share/texmf-dist/tex/latex/base/atveryend-ltx.sty
Package: atveryend-ltx 2020/08/19 v1.0a Emulation of the original atveryend package
with kernel methods
)
\Fld@listcount=\count303
\c@bookmark@seq@number=\count304
 (/usr/share/texmf-dist/tex/latex/rerunfilecheck/rerunfilecheck.sty
Package: rerunfilecheck 2022-07-10 v1.10 Rerun checks for auxiliary files (HO)
 (/usr/share/texmf-dist/tex/generic/uniquecounter/uniquecounter.sty
Package: uniquecounter 2019/12/15 v1.4 Provide unlimited unique counter (HO)
)
Package uniquecounter Info: New unique counter `rerunfilecheck' on input line 285.
)
\Hy@SectionHShift=\skip61
) (/usr/share/texmf-dist/tex/latex/bookmark/bkm-pdftex.def
File: bkm-pdftex.def 2020-11-06 v1.29 bookmark driver for pdfTeX (HO)
\BKM@id=\count305
)) (/usr/share/texmf-dist/tex/latex/enumitem/enumitem.sty
Package: enumitem 2019/06/20 v3.9 Customized lists
\labelindent=\skip62
\enit@outerparindent=\dimen184
\enit@toks=\toks35
\enit@inbox=\box59
\enit@count@id=\count306
\enitdp@description=\count307
) (/usr/share/texmf-dist/tex/latex/theoremref/theoremref.sty
Package: theoremref 2013/05/22 References with automatic theorem names
\thmref@num=\count308
)
Package hyperref Info: Option `colorlinks' set `true' on input line 20.
Package hyperref Info: Option `bookmarksnumbered' set `true' on input line 20.
Package hyperref Info: Option `bookmarksopen' set `true' on input line 20.
 (/usr/share/texmf-dist/tex/latex/tcolorbox/tcolorbox.sty
Package: tcolorbox 2023/02/12 version 6.0.1 text color boxes
 (/usr/share/texmf-dist/tex/latex/pgf/basiclayer/pgf.sty (/usr/share/texmf-dist/tex/latex/pgf/utilities/pgfrcs.sty (/usr/share/texmf-dist/tex/generic/pgf/utilities/pgfutil-common.tex
\pgfutil@everybye=\toks36
\pgfutil@tempdima=\dimen185
\pgfutil@tempdimb=\dimen186
) (/usr/share/texmf-dist/tex/generic/pgf/utilities/pgfutil-latex.def
\pgfutil@abb=\box60
) (/usr/share/texmf-dist/tex/generic/pgf/utilities/pgfrcs.code.tex (/usr/share/texmf-dist/tex/generic/pgf/pgf.revision.tex)
Package: pgfrcs 2023-01-15 v3.1.10 (3.1.10)
))
Package: pgf 2023-01-15 v3.1.10 (3.1.10)

(/usr/share/texmf-dist/tex/latex/pgf/basiclayer/pgfcore.sty (/usr/share/texmf-dist/tex/latex/pgf/systemlayer/pgfsys.sty (/usr/share/texmf-dist/tex/generic/pgf/systemlayer/pgfsys.code.tex
Package: pgfsys 2023-01-15 v3.1.10 (3.1.10)
 (/usr/share/texmf-dist/tex/generic/pgf/utilities/pgfkeys.code.tex
\pgfkeys@pathtoks=\toks37
\pgfkeys@temptoks=\toks38
 (/usr/share/texmf-dist/tex/generic/pgf/utilities/pgfkeyslibraryfiltered.code.tex
\pgfkeys@tmptoks=\toks39
))
\pgf@x=\dimen187
\pgf@y=\dimen188
\pgf@xa=\dimen189
\pgf@ya=\dimen190
\pgf@xb=\dimen191
\pgf@yb=\dimen192
\pgf@xc=\dimen193
\pgf@yc=\dimen194
\pgf@xd=\dimen195
\pgf@yd=\dimen196
\w@pgf@writea=\write3
\r@pgf@reada=\read3
\c@pgf@counta=\count309
\c@pgf@countb=\count310
\c@pgf@countc=\count311
\c@pgf@countd=\count312
\t@pgf@toka=\toks40
\t@pgf@tokb=\toks41
\t@pgf@tokc=\toks42
\pgf@sys@id@count=\count313
 (/usr/share/texmf-dist/tex/generic/pgf/systemlayer/pgf.cfg
File: pgf.cfg 2023-01-15 v3.1.10 (3.1.10)
)
Driver file for pgf: pgfsys-pdftex.def
 (/usr/share/texmf-dist/tex/generic/pgf/systemlayer/pgfsys-pdftex.def
File: pgfsys-pdftex.def 2023-01-15 v3.1.10 (3.1.10)
 (/usr/share/texmf-dist/tex/generic/pgf/systemlayer/pgfsys-common-pdf.def
File: pgfsys-common-pdf.def 2023-01-15 v3.1.10 (3.1.10)
))) (/usr/share/texmf-dist/tex/generic/pgf/systemlayer/pgfsyssoftpath.code.tex
File: pgfsyssoftpath.code.tex 2023-01-15 v3.1.10 (3.1.10)
\pgfsyssoftpath@smallbuffer@items=\count314
\pgfsyssoftpath@bigbuffer@items=\count315
) (/usr/share/texmf-dist/tex/generic/pgf/systemlayer/pgfsysprotocol.code.tex
File: pgfsysprotocol.code.tex 2023-01-15 v3.1.10 (3.1.10)
)) (/usr/share/texmf-dist/tex/latex/xcolor/xcolor.sty
Package: xcolor 2022/06/12 v2.14 LaTeX color extensions (UK)
 (/usr/share/texmf-dist/tex/latex/graphics-cfg/color.cfg
File: color.cfg 2016/01/02 v1.6 sample color configuration
)
Package xcolor Info: Driver file: pdftex.def on input line 227.
 (/usr/share/texmf-dist/tex/latex/graphics/mathcolor.ltx)
Package xcolor Info: Model `cmy' substituted by `cmy0' on input line 1353.
Package xcolor Info: Model `hsb' substituted by `rgb' on input line 1357.
Package xcolor Info: Model `RGB' extended on input line 1369.
Package xcolor Info: Model `HTML' substituted by `rgb' on input line 1371.
Package xcolor Info: Model `Hsb' substituted by `hsb' on input line 1372.
Package xcolor Info: Model `tHsb' substituted by `hsb' on input line 1373.
Package xcolor Info: Model `HSB' substituted by `hsb' on input line 1374.
Package xcolor Info: Model `Gray' substituted by `gray' on input line 1375.
Package xcolor Info: Model `wave' substituted by `hsb' on input line 1376.
) (/usr/share/texmf-dist/tex/generic/pgf/basiclayer/pgfcore.code.tex
Package: pgfcore 2023-01-15 v3.1.10 (3.1.10)
 (/usr/share/texmf-dist/tex/generic/pgf/math/pgfmath.code.tex (/usr/share/texmf-dist/tex/generic/pgf/math/pgfmathutil.code.tex) (/usr/share/texmf-dist/tex/generic/pgf/math/pgfmathparser.code.tex
\pgfmath@dimen=\dimen197
\pgfmath@count=\count316
\pgfmath@box=\box61
\pgfmath@toks=\toks43
\pgfmath@stack@operand=\toks44
\pgfmath@stack@operation=\toks45
) (/usr/share/texmf-dist/tex/generic/pgf/math/pgfmathfunctions.code.tex) (/usr/share/texmf-dist/tex/generic/pgf/math/pgfmathfunctions.basic.code.tex) (/usr/share/texmf-dist/tex/generic/pgf/math/pgfmathfunctions.trigonometric.code.tex) (/usr/share/texmf-dist/tex/generic/pgf/math/pgfmathfunctions.random.code.tex) (/usr/share/texmf-dist/tex/generic/pgf/math/pgfmathfunctions.comparison.code.tex) (/usr/share/texmf-dist/tex/generic/pgf/math/pgfmathfunctions.base.code.tex) (/usr/share/texmf-dist/tex/generic/pgf/math/pgfmathfunctions.round.code.tex) (/usr/share/texmf-dist/tex/generic/pgf/math/pgfmathfunctions.misc.code.tex) (/usr/share/texmf-dist/tex/generic/pgf/math/pgfmathfunctions.integerarithmetics.code.tex) (/usr/share/texmf-dist/tex/generic/pgf/math/pgfmathcalc.code.tex) (/usr/share/texmf-dist/tex/generic/pgf/math/pgfmathfloat.code.tex
\c@pgfmathroundto@lastzeros=\count317
))
(/usr/share/texmf-dist/tex/generic/pgf/math/pgfint.code.tex) (/usr/share/texmf-dist/tex/generic/pgf/basiclayer/pgfcorepoints.code.tex
File: pgfcorepoints.code.tex 2023-01-15 v3.1.10 (3.1.10)
\pgf@picminx=\dimen198
\pgf@picmaxx=\dimen199
\pgf@picminy=\dimen256
\pgf@picmaxy=\dimen257
\pgf@pathminx=\dimen258
\pgf@pathmaxx=\dimen259
\pgf@pathminy=\dimen260
\pgf@pathmaxy=\dimen261
\pgf@xx=\dimen262
\pgf@xy=\dimen263
\pgf@yx=\dimen264
\pgf@yy=\dimen265
\pgf@zx=\dimen266
\pgf@zy=\dimen267
) (/usr/share/texmf-dist/tex/generic/pgf/basiclayer/pgfcorepathconstruct.code.tex
File: pgfcorepathconstruct.code.tex 2023-01-15 v3.1.10 (3.1.10)
\pgf@path@lastx=\dimen268
\pgf@path@lasty=\dimen269
) (/usr/share/texmf-dist/tex/generic/pgf/basiclayer/pgfcorepathusage.code.tex
File: pgfcorepathusage.code.tex 2023-01-15 v3.1.10 (3.1.10)
\pgf@shorten@end@additional=\dimen270
\pgf@shorten@start@additional=\dimen271
) (/usr/share/texmf-dist/tex/generic/pgf/basiclayer/pgfcorescopes.code.tex
File: pgfcorescopes.code.tex 2023-01-15 v3.1.10 (3.1.10)
\pgfpic=\box62
\pgf@hbox=\box63
\pgf@layerbox@main=\box64
\pgf@picture@serial@count=\count318
) (/usr/share/texmf-dist/tex/generic/pgf/basiclayer/pgfcoregraphicstate.code.tex
File: pgfcoregraphicstate.code.tex 2023-01-15 v3.1.10 (3.1.10)
\pgflinewidth=\dimen272
) (/usr/share/texmf-dist/tex/generic/pgf/basiclayer/pgfcoretransformations.code.tex
File: pgfcoretransformations.code.tex 2023-01-15 v3.1.10 (3.1.10)
\pgf@pt@x=\dimen273
\pgf@pt@y=\dimen274
\pgf@pt@temp=\dimen275
) (/usr/share/texmf-dist/tex/generic/pgf/basiclayer/pgfcorequick.code.tex
File: pgfcorequick.code.tex 2023-01-15 v3.1.10 (3.1.10)
) (/usr/share/texmf-dist/tex/generic/pgf/basiclayer/pgfcoreobjects.code.tex
File: pgfcoreobjects.code.tex 2023-01-15 v3.1.10 (3.1.10)
) (/usr/share/texmf-dist/tex/generic/pgf/basiclayer/pgfcorepathprocessing.code.tex
File: pgfcorepathprocessing.code.tex 2023-01-15 v3.1.10 (3.1.10)
) (/usr/share/texmf-dist/tex/generic/pgf/basiclayer/pgfcorearrows.code.tex
File: pgfcorearrows.code.tex 2023-01-15 v3.1.10 (3.1.10)
\pgfarrowsep=\dimen276
) (/usr/share/texmf-dist/tex/generic/pgf/basiclayer/pgfcoreshade.code.tex
File: pgfcoreshade.code.tex 2023-01-15 v3.1.10 (3.1.10)
\pgf@max=\dimen277
\pgf@sys@shading@range@num=\count319
\pgf@shadingcount=\count320
) (/usr/share/texmf-dist/tex/generic/pgf/basiclayer/pgfcoreimage.code.tex
File: pgfcoreimage.code.tex 2023-01-15 v3.1.10 (3.1.10)
) (/usr/share/texmf-dist/tex/generic/pgf/basiclayer/pgfcoreexternal.code.tex
File: pgfcoreexternal.code.tex 2023-01-15 v3.1.10 (3.1.10)
\pgfexternal@startupbox=\box65
) (/usr/share/texmf-dist/tex/generic/pgf/basiclayer/pgfcorelayers.code.tex
File: pgfcorelayers.code.tex 2023-01-15 v3.1.10 (3.1.10)
) (/usr/share/texmf-dist/tex/generic/pgf/basiclayer/pgfcoretransparency.code.tex
File: pgfcoretransparency.code.tex 2023-01-15 v3.1.10 (3.1.10)
) (/usr/share/texmf-dist/tex/generic/pgf/basiclayer/pgfcorepatterns.code.tex
File: pgfcorepatterns.code.tex 2023-01-15 v3.1.10 (3.1.10)
) (/usr/share/texmf-dist/tex/generic/pgf/basiclayer/pgfcorerdf.code.tex
File: pgfcorerdf.code.tex 2023-01-15 v3.1.10 (3.1.10)
))) (/usr/share/texmf-dist/tex/generic/pgf/modules/pgfmoduleshapes.code.tex
File: pgfmoduleshapes.code.tex 2023-01-15 v3.1.10 (3.1.10)
\pgfnodeparttextbox=\box66
) (/usr/share/texmf-dist/tex/generic/pgf/modules/pgfmoduleplot.code.tex
File: pgfmoduleplot.code.tex 2023-01-15 v3.1.10 (3.1.10)
) (/usr/share/texmf-dist/tex/latex/pgf/compatibility/pgfcomp-version-0-65.sty
Package: pgfcomp-version-0-65 2023-01-15 v3.1.10 (3.1.10)
\pgf@nodesepstart=\dimen278
\pgf@nodesepend=\dimen279
) (/usr/share/texmf-dist/tex/latex/pgf/compatibility/pgfcomp-version-1-18.sty
Package: pgfcomp-version-1-18 2023-01-15 v3.1.10 (3.1.10)
)) (/usr/share/texmf-dist/tex/latex/tools/verbatim.sty
Package: verbatim 2022-07-02 v1.5u LaTeX2e package for verbatim enhancements
\every@verbatim=\toks46
\verbatim@line=\toks47
\verbatim@in@stream=\read4
) (/usr/share/texmf-dist/tex/latex/environ/environ.sty
Package: environ 2014/05/04 v0.3 A new way to define environments
 (/usr/share/texmf-dist/tex/latex/trimspaces/trimspaces.sty
Package: trimspaces 2009/09/17 v1.1 Trim spaces around a token list
))
\tcb@titlebox=\box67
\tcb@upperbox=\box68
\tcb@lowerbox=\box69
\tcb@phantombox=\box70
\c@tcbbreakpart=\count321
\c@tcblayer=\count322
\c@tcolorbox@number=\count323
\tcb@temp=\box71
\tcb@temp=\box72
\tcb@temp=\box73
\tcb@temp=\box74
 (/usr/share/texmf-dist/tex/latex/tcolorbox/tcbraster.code.tex
Library (tcolorbox): 'tcbraster.code.tex' version '6.0.1'
\c@tcbrastercolumn=\count324
\c@tcbrasterrow=\count325
\c@tcbrasternum=\count326
\c@tcbraster=\count327
) (/usr/share/texmf-dist/tex/latex/tcolorbox/tcbskins.code.tex
Library (tcolorbox): 'tcbskins.code.tex' version '6.0.1'
(/usr/share/texmf-dist/tex/latex/pgf/frontendlayer/tikz.sty (/usr/share/texmf-dist/tex/latex/pgf/utilities/pgffor.sty (/usr/share/texmf-dist/tex/latex/pgf/utilities/pgfkeys.sty (/usr/share/texmf-dist/tex/generic/pgf/utilities/pgfkeys.code.tex)) (/usr/share/texmf-dist/tex/latex/pgf/math/pgfmath.sty (/usr/share/texmf-dist/tex/generic/pgf/math/pgfmath.code.tex)) (/usr/share/texmf-dist/tex/generic/pgf/utilities/pgffor.code.tex
Package: pgffor 2023-01-15 v3.1.10 (3.1.10)
\pgffor@iter=\dimen280
\pgffor@skip=\dimen281
\pgffor@stack=\toks48
\pgffor@toks=\toks49
)) (/usr/share/texmf-dist/tex/generic/pgf/frontendlayer/tikz/tikz.code.tex
Package: tikz 2023-01-15 v3.1.10 (3.1.10)
 (/usr/share/texmf-dist/tex/generic/pgf/libraries/pgflibraryplothandlers.code.tex
File: pgflibraryplothandlers.code.tex 2023-01-15 v3.1.10 (3.1.10)
\pgf@plot@mark@count=\count328
\pgfplotmarksize=\dimen282
)
\tikz@lastx=\dimen283
\tikz@lasty=\dimen284
\tikz@lastxsaved=\dimen285
\tikz@lastysaved=\dimen286
\tikz@lastmovetox=\dimen287
\tikz@lastmovetoy=\dimen288
\tikzleveldistance=\dimen289
\tikzsiblingdistance=\dimen290
\tikz@figbox=\box75
\tikz@figbox@bg=\box76
\tikz@tempbox=\box77
\tikz@tempbox@bg=\box78
\tikztreelevel=\count329
\tikznumberofchildren=\count330
\tikznumberofcurrentchild=\count331
\tikz@fig@count=\count332
 (/usr/share/texmf-dist/tex/generic/pgf/modules/pgfmodulematrix.code.tex
File: pgfmodulematrix.code.tex 2023-01-15 v3.1.10 (3.1.10)
\pgfmatrixcurrentrow=\count333
\pgfmatrixcurrentcolumn=\count334
\pgf@matrix@numberofcolumns=\count335
)
\tikz@expandcount=\count336
 (/usr/share/texmf-dist/tex/generic/pgf/frontendlayer/tikz/libraries/tikzlibrarytopaths.code.tex
File: tikzlibrarytopaths.code.tex 2023-01-15 v3.1.10 (3.1.10)
))) (/usr/share/texmf-dist/tex/latex/tikzfill/tikzfill.image.sty
Package: tikzfill.image 2022/07/20 v1.0.0 Image filling library for TikZ
 (/usr/share/texmf-dist/tex/latex/tikzfill/tikzfill-common.sty
Package: tikzfill-common 2022/07/20 v1.0.0 Auxiliary code for tikzfill
) (/usr/share/texmf-dist/tex/latex/tikzfill/tikzlibraryfill.image.code.tex
File: tikzlibraryfill.image.code.tex 2022/07/20 v1.0.0 Image filling library
\l__tikzfill_img_box=\box79
)) (/usr/share/texmf-dist/tex/latex/tcolorbox/tcbskinsjigsaw.code.tex
Library (tcolorbox): 'tcbskinsjigsaw.code.tex' version '6.0.1'
)) (/usr/share/texmf-dist/tex/latex/tcolorbox/tcbbreakable.code.tex
Library (tcolorbox): 'tcbbreakable.code.tex' version '6.0.1'
(/usr/share/texmf-dist/tex/latex/pdfcol/pdfcol.sty
Package: pdfcol 2022-09-21 v1.7 Handle new color stacks for pdfTeX (HO)
)
Package pdfcol Info: New color stack `tcb@breakable' = 1 on input line 23.
\tcb@testbox=\box80
\tcb@totalupperbox=\box81
\tcb@totallowerbox=\box82
) (/usr/share/texmf-dist/tex/latex/tcolorbox/tcbhooks.code.tex
Library (tcolorbox): 'tcbhooks.code.tex' version '6.0.1'
) (/usr/share/texmf-dist/tex/latex/tcolorbox/tcbtheorems.code.tex
Library (tcolorbox): 'tcbtheorems.code.tex' version '6.0.1'
) (/usr/share/texmf-dist/tex/latex/tcolorbox/tcbfitting.code.tex
Library (tcolorbox): 'tcbfitting.code.tex' version '6.0.1'
\tcbfitdim=\dimen291
\tcb@lowerfitdim=\dimen292
\tcb@upperfitdim=\dimen293
\tcb@cur@hbadness=\count337
) (/usr/share/texmf-dist/tex/latex/tcolorbox/tcblistingsutf8.code.tex
Library (tcolorbox): 'tcblistingsutf8.code.tex' version '6.0.1'
(/usr/share/texmf-dist/tex/latex/tcolorbox/tcblistings.code.tex
Library (tcolorbox): 'tcblistings.code.tex' version '6.0.1'
(/usr/share/texmf-dist/tex/latex/tcolorbox/tcblistingscore.code.tex
Library (tcolorbox): 'tcblistingscore.code.tex' version '6.0.1'
(/usr/share/texmf-dist/tex/latex/tcolorbox/tcbprocessing.code.tex
Library (tcolorbox): 'tcbprocessing.code.tex' version '6.0.1'
(/usr/share/texmf-dist/tex/latex/tools/shellesc.sty
Package: shellesc 2019/11/08 v1.0c unified shell escape interface for LaTeX
Package shellesc Info: Restricted shell escape enabled on input line 77.
))
\c@tcblisting=\count338
)) (/usr/share/texmf-dist/tex/latex/listingsutf8/listingsutf8.sty
Package: listingsutf8 2019-12-10 v1.5 Allow UTF-8 in listings input (HO)
 (/usr/share/texmf-dist/tex/generic/stringenc/stringenc.sty
Package: stringenc 2019/11/29 v1.12 Convert strings between diff. encodings (HO)
))) (/usr/share/texmf-dist/tex/latex/tcolorbox/tcbexternal.code.tex
Library (tcolorbox): 'tcbexternal.code.tex' version '6.0.1'
) (/usr/share/texmf-dist/tex/latex/tcolorbox/tcbmagazine.code.tex
Library (tcolorbox): 'tcbmagazine.code.tex' version '6.0.1'
) (/usr/share/texmf-dist/tex/latex/tcolorbox/tcbvignette.code.tex
Library (tcolorbox): 'tcbvignette.code.tex' version '6.0.1'
(/usr/share/texmf-dist/tex/generic/pgf/frontendlayer/tikz/libraries/tikzlibraryfadings.code.tex
File: tikzlibraryfadings.code.tex 2023-01-15 v3.1.10 (3.1.10)
 (/usr/share/texmf-dist/tex/generic/pgf/libraries/pgflibraryfadings.code.tex
File: pgflibraryfadings.code.tex 2023-01-15 v3.1.10 (3.1.10)
))) (/usr/share/texmf-dist/tex/latex/tcolorbox/tcbposter.code.tex
Library (tcolorbox): 'tcbposter.code.tex' version '6.0.1'
)) (/usr/share/texmf-dist/tex/latex/varwidth/varwidth.sty
Package: varwidth 2009/03/30 ver 0.92;  Variable-width minipages
\@vwid@box=\box83
\sift@deathcycles=\count339
\@vwid@loff=\dimen294
\@vwid@roff=\dimen295
) (/usr/share/texmf-dist/tex/latex/tools/multicol.sty
Package: multicol 2021/11/30 v1.9d multicolumn formatting (FMi)
\c@tracingmulticols=\count340
\mult@box=\box84
\multicol@leftmargin=\dimen296
\c@unbalance=\count341
\c@collectmore=\count342
\doublecol@number=\count343
\multicoltolerance=\count344
\multicolpretolerance=\count345
\full@width=\dimen297
\page@free=\dimen298
\premulticols=\dimen299
\postmulticols=\dimen300
\multicolsep=\skip63
\multicolbaselineskip=\skip64
\partial@page=\box85
\last@line=\box86
\maxbalancingoverflow=\dimen301
\mult@rightbox=\box87
\mult@grightbox=\box88
\mult@firstbox=\box89
\mult@gfirstbox=\box90
\@tempa=\box91
\@tempa=\box92
\@tempa=\box93
\@tempa=\box94
\@tempa=\box95
\@tempa=\box96
\@tempa=\box97
\@tempa=\box98
\@tempa=\box99
\@tempa=\box100
\@tempa=\box101
\@tempa=\box102
\@tempa=\box103
\@tempa=\box104
\@tempa=\box105
\@tempa=\box106
\@tempa=\box107
\@tempa=\box108
\@tempa=\box109
\@tempa=\box110
\@tempa=\box111
\@tempa=\box112
\@tempa=\box113
\@tempa=\box114
\@tempa=\box115
\@tempa=\box116
\@tempa=\box117
\@tempa=\box118
\@tempa=\box119
\@tempa=\box120
\@tempa=\box121
\@tempa=\box122
\@tempa=\box123
\@tempa=\box124
\@tempa=\box125
\@tempa=\box126
\c@minrows=\count346
\c@columnbadness=\count347
\c@finalcolumnbadness=\count348
\last@try=\dimen302
\multicolovershoot=\dimen303
\multicolundershoot=\dimen304
\mult@nat@firstbox=\box127
\colbreak@box=\box128
\mc@col@check@num=\count349
) (/usr/share/texmf-dist/tex/latex/tools/array.sty
Package: array 2022/09/04 v2.5g Tabular extension package (FMi)
\col@sep=\dimen305
\ar@mcellbox=\box129
\extrarowheight=\dimen306
\NC@list=\toks50
\extratabsurround=\skip65
\backup@length=\skip66
\ar@cellbox=\box130
) (/usr/share/texmf-dist/tex/latex/tikz-cd/tikz-cd.sty
Package: tikz-cd 2021/05/04 v1.0 Commutative diagrams with TikZ
 (/usr/share/texmf-dist/tex/generic/tikz-cd/tikzlibrarycd.code.tex (/usr/share/texmf-dist/tex/generic/pgf/frontendlayer/tikz/libraries/tikzlibrarymatrix.code.tex
File: tikzlibrarymatrix.code.tex 2023-01-15 v3.1.10 (3.1.10)
) (/usr/share/texmf-dist/tex/generic/pgf/frontendlayer/tikz/libraries/tikzlibraryquotes.code.tex
File: tikzlibraryquotes.code.tex 2023-01-15 v3.1.10 (3.1.10)
) (/usr/share/texmf-dist/tex/generic/pgf/libraries/pgflibraryarrows.meta.code.tex
File: pgflibraryarrows.meta.code.tex 2023-01-15 v3.1.10 (3.1.10)
\pgfarrowinset=\dimen307
\pgfarrowlength=\dimen308
\pgfarrowwidth=\dimen309
\pgfarrowlinewidth=\dimen310
))) (/usr/share/texmf-dist/tex/latex/algorithm2e/algorithm2e.sty
Package: algorithm2e 2017/07/18 v5.2 algorithms environments
\c@AlgoLine=\count350
 (/usr/share/texmf-dist/tex/latex/base/ifthen.sty
Package: ifthen 2022/04/13 v1.1d Standard LaTeX ifthen package (DPC)
)
\algocf@hangindent=\skip67
 (/usr/share/texmf-dist/tex/latex/ifoddpage/ifoddpage.sty
Package: ifoddpage 2022/10/18 v1.2 Conditionals for odd/even page detection
\c@checkoddpage=\count351
) (/usr/share/texmf-dist/tex/latex/tools/xspace.sty
Package: xspace 2014/10/28 v1.13 Space after command names (DPC,MH)
) (/usr/share/texmf-dist/tex/latex/relsize/relsize.sty
Package: relsize 2013/03/29 ver 4.1
)
\skiptotal=\skip68
\skiplinenumber=\skip69
\skiprule=\skip70
\skiphlne=\skip71
\skiptext=\skip72
\skiplength=\skip73
\algomargin=\skip74
\skipalgocfslide=\skip75
\algowidth=\dimen311
\inoutsize=\dimen312
\inoutindent=\dimen313
\interspacetitleruled=\dimen314
\interspacealgoruled=\dimen315
\interspacetitleboxruled=\dimen316
\algocf@ruledwidth=\skip76
\algocf@inoutbox=\box131
\algocf@inputbox=\box132
\AlCapSkip=\skip77
\AlCapHSkip=\skip78
\algoskipindent=\skip79
\algocf@nlbox=\box133
\algocf@hangingbox=\box134
\algocf@untilbox=\box135
\algocf@skipuntil=\skip80
\algocf@capbox=\box136
\algocf@lcaptionbox=\skip81
\algoheightruledefault=\skip82
\algoheightrule=\skip83
\algotitleheightruledefault=\skip84
\algotitleheightrule=\skip85
\c@algocfline=\count352
\c@algocfproc=\count353
\c@algocf=\count354
\algocf@algoframe=\box137
\algocf@algobox=\box138
) (/usr/share/texmf-dist/tex/latex/comment/comment.sty
\CommentStream=\write4
 Excluding comment 'comment') (/usr/share/texmf-dist/tex/latex/import/import.sty
Package: import 2020/04/01  v 6.2
) (/usr/share/texmf-dist/tex/latex/xifthen/xifthen.sty
Package: xifthen 2015/11/05 v1.4.0 Extended ifthen features
 (/usr/share/texmf-dist/tex/latex/ifmtarg/ifmtarg.sty
Package: ifmtarg 2018/04/16 v1.2b check for an empty argument
)) (/usr/share/texmf-dist/tex/latex/pdfpages/pdfpages.sty
Package: pdfpages 2022/12/19 v0.5x Insert pages of external PDF documents (AM)
 (/usr/share/texmf-dist/tex/latex/eso-pic/eso-pic.sty
Package: eso-pic 2020/10/14 v3.0a eso-pic (RN)
\ESO@tempdima=\dimen317
\ESO@tempdimb=\dimen318
)
\AM@pagewidth=\dimen319
\AM@pageheight=\dimen320
\AM@fboxrule=\dimen321
 (/usr/share/texmf-dist/tex/latex/pdfpages/pppdftex.def
File: pppdftex.def 2022/12/19 v0.5x Pdfpages driver for pdfTeX (AM)
)
\pdfpages@includegraphics@status=\count355
\AM@pagebox=\box139
\AM@global@opts=\toks51
\AM@pagecnt=\count356
\AM@toc@title=\toks52
\AM@lof@heading=\toks53
\c@AM@survey=\count357
\AM@templatesizebox=\box140
) (/usr/share/texmf-dist/tex/latex/transparent/transparent.sty
Package: transparent 2022-10-27 v1.5 Transparency with color stacks
 (/usr/share/texmf-dist/tex/latex/transparent/transparent-nometadata.sty
Package: transparent-nometadata 2022-10-27 v1.5 Transparency via pdfTeX's color stack (HO)
)) (/usr/share/texmf-dist/tex/latex/tikzsymbols/tikzsymbols.sty
Package: tikzsymbols 2021/12/14 v4.12a Some symbols created using tikz and LaTeX3.
 (/usr/share/texmf-dist/tex/generic/pgf/frontendlayer/tikz/libraries/tikzlibraryarrows.code.tex
File: tikzlibraryarrows.code.tex 2023-01-15 v3.1.10 (3.1.10)
 (/usr/share/texmf-dist/tex/generic/pgf/libraries/pgflibraryarrows.code.tex
File: pgflibraryarrows.code.tex 2023-01-15 v3.1.10 (3.1.10)
\arrowsize=\dimen322
)) (/usr/share/texmf-dist/tex/generic/pgf/frontendlayer/tikz/libraries/tikzlibrarydecorations.pathmorphing.code.tex (/usr/share/texmf-dist/tex/generic/pgf/frontendlayer/tikz/libraries/tikzlibrarydecorations.code.tex (/usr/share/texmf-dist/tex/generic/pgf/modules/pgfmoduledecorations.code.tex
\pgfdecoratedcompleteddistance=\dimen323
\pgfdecoratedremainingdistance=\dimen324
\pgfdecoratedinputsegmentcompleteddistance=\dimen325
\pgfdecoratedinputsegmentremainingdistance=\dimen326
\pgf@decorate@distancetomove=\dimen327
\pgf@decorate@repeatstate=\count358
\pgfdecorationsegmentamplitude=\dimen328
\pgfdecorationsegmentlength=\dimen329
)
\tikz@lib@dec@box=\box141
)
(/usr/share/texmf-dist/tex/generic/pgf/libraries/decorations/pgflibrarydecorations.pathmorphing.code.tex)) (/usr/share/texmf-dist/tex/generic/pgf/frontendlayer/tikz/libraries/tikzlibrarytrees.code.tex
File: tikzlibrarytrees.code.tex 2023-01-15 v3.1.10 (3.1.10)
)
\l__tikzsymbols_Moai_thickness_dim=\dimen330
\l__tikzsymbols_Kochtopf_nr_arguments_int=\count359
\l__tikzsymbols_Bratpfanne_nr_arguments_int=\count360
\l__tikzsymbols_Schneebesen_nr_arguments_int=\count361
\l__tikzsymbols_Sieb_nr_arguments_int=\count362
\l__tikzsymbols_Purierstab_nr_arguments_int=\count363
\l__tikzsymbols_Dreizack_nr_arguments_int=\count364
\l__tikzsymbols_Backblech_nr_arguments_int=\count365
\l__tikzsymbols_Ofen_nr_arguments_int=\count366
\l__tikzsymbols_Pfanne_nr_arguments_int=\count367
\l__tikzsymbols_Herd_nr_arguments_int=\count368
\l__tikzsymbols_Saftpresse_nr_arguments_int=\count369
\l__tikzsymbols_Schussel_nr_arguments_int=\count370
\l__tikzsymbols_Schaler_nr_arguments_int=\count371
\l__tikzsymbols_Reibe_nr_arguments_int=\count372
\l__tikzsymbols_Flasche_nr_arguments_int=\count373
\l__tikzsymbols_Nudelholz_nr_arguments_int=\count374
\l__tikzsymbols_Knoblauchpresse_nr_arguments_int=\count375
\l__tikzsymbols_Sadey_nr_arguments_int=\count376
\l__tikzsymbols_dSadey_nr_arguments_int=\count377
\l__tikzsymbols_Changey_nr_arguments_int=\count378
\l__tikzsymbols_dChangey_nr_arguments_int=\count379
\l__tikzsymbols_cChangey_nr_arguments_int=\count380
\l__tikzsymbols_dcChangey_nr_arguments_int=\count381
\l__tikzsymbols_Annoey_nr_arguments_int=\count382
\l__tikzsymbols_dAnnoey_nr_arguments_int=\count383
\l__tikzsymbols_Smiley_nr_arguments_int=\count384
\l__tikzsymbols_dSmiley_nr_arguments_int=\count385
\l__tikzsymbols_Laughey_nr_arguments_int=\count386
\l__tikzsymbols_dLaughey_nr_arguments_int=\count387
\l__tikzsymbols_Neutrey_nr_arguments_int=\count388
\l__tikzsymbols_dNeutrey_nr_arguments_int=\count389
\l__tikzsymbols_Winkey_nr_arguments_int=\count390
\l__tikzsymbols_oldWinkey_nr_arguments_int=\count391
\l__tikzsymbols_dWinkey_nr_arguments_int=\count392
\l__tikzsymbols_olddWinkey_nr_arguments_int=\count393
\l__tikzsymbols_Sey_nr_arguments_int=\count394
\l__tikzsymbols_dSey_nr_arguments_int=\count395
\l__tikzsymbols_Xey_nr_arguments_int=\count396
\l__tikzsymbols_dXey_nr_arguments_int=\count397
\l__tikzsymbols_Innocey_nr_arguments_int=\count398
\l__tikzsymbols_wInnocey_nr_arguments_int=\count399
\l__tikzsymbols_dInnocey_nr_arguments_int=\count400
\l__tikzsymbols_Cooley_nr_arguments_int=\count401
\l__tikzsymbols_dCooley_nr_arguments_int=\count402
\l__tikzsymbols_Tongey_nr_arguments_int=\count403
\l__tikzsymbols_dTongey_nr_arguments_int=\count404
\l__tikzsymbols_Nursey_nr_arguments_int=\count405
\l__tikzsymbols_dNursey_nr_arguments_int=\count406
\l__tikzsymbols_Vomey_nr_arguments_int=\count407
\l__tikzsymbols_dVomey_nr_arguments_int=\count408
\l__tikzsymbols_Walley_nr_arguments_int=\count409
\l__tikzsymbols_rWalley_nr_arguments_int=\count410
\l__tikzsymbols_dWalley_nr_arguments_int=\count411
\l__tikzsymbols_drWalley_nr_arguments_int=\count412
\l__tikzsymbols_Cat_nr_arguments_int=\count413
\l__tikzsymbols_SchrodingersCat_nr_arguments_int=\count414
\l__tikzsymbols_Ninja_nr_arguments_int=\count415
\l__tikzsymbols_dNinja_nr_arguments_int=\count416
\l__tikzsymbols_Sleepey_nr_arguments_int=\count417
\l__tikzsymbols_dSleepey_nr_arguments_int=\count418
\l__tikzsymbols_Maskey_nr_arguments_int=\count419
\l__tikzsymbols_NiceReapey_nr_arguments_int=\count420
\l__tikzsymbols_Strichmaxerl_nr_arguments_int=\count421
\l__tikzsymbols_Person_nr_arguments_int=\count422
\l__tikzsymbols_Heart_nr_arguments_int=\count423
\l__tikzsymbols_dHeart_nr_arguments_int=\count424
\l__tikzsymbols_HeartBroken_nr_arguments_int=\count425
\l__tikzsymbols_Candle_nr_arguments_int=\count426
\l__tikzsymbols_Fire_nr_arguments_int=\count427
\l__tikzsymbols_Coffeecup_nr_arguments_int=\count428
\l__tikzsymbols_Chair_nr_arguments_int=\count429
\l__tikzsymbols_Bed_nr_arguments_int=\count430
\l__tikzsymbols_Tribar_nr_arguments_int=\count431
\l__tikzsymbols_Moai_nr_arguments_int=\count432
\l__tikzsymbols_Snowman_nr_arguments_int=\count433
\l__tikzsymbols_BasicTree_nr_arguments_int=\count434
\l__tikzsymbols_WorstTree_nr_arguments_int=\count435
\l__tikzsymbols_Springtree_nr_arguments_int=\count436
\l__tikzsymbols_Summertree_nr_arguments_int=\count437
\l__tikzsymbols_Autumntree_nr_arguments_int=\count438
\l__tikzsymbols_Wintertree_nr_arguments_int=\count439
)
\c@tcb@cnt@Theorem=\count440
\c@tcb@cnt@theorem=\count441
\c@tcb@cnt@Corollary=\count442
\c@tcb@cnt@corollary=\count443
\c@tcb@cnt@Lenma=\count444
\c@tcb@cnt@lenma=\count445
\c@tcb@cnt@Prop=\count446
\c@tcb@cnt@prop=\count447
\c@tcb@cnt@claim=\count448
\c@tcb@cnt@Exercise=\count449
\c@tcb@cnt@exercise=\count450
\c@tcb@cnt@Example=\count451
\c@tcb@cnt@example=\count452
\c@tcb@cnt@Definition=\count453
\c@tcb@cnt@definition=\count454
\c@tcb@cnt@question=\count455
\c@tcb@cnt@qstion=\count456
\c@tcb@cnt@wconc=\count457
 (/usr/share/texmf-dist/tex/generic/pgf/frontendlayer/tikz/libraries/tikzlibrarycalc.code.tex
File: tikzlibrarycalc.code.tex 2023-01-15 v3.1.10 (3.1.10)
) (/usr/share/texmf-dist/tex/latex/pgf-blur/tikzlibraryshadows.blur.code.tex  v1.02, 2012/12/09 (/usr/share/texmf-dist/tex/generic/pgf/frontendlayer/tikz/libraries/tikzlibraryshadows.code.tex
File: tikzlibraryshadows.code.tex 2023-01-15 v3.1.10 (3.1.10)
)
\pgfbs@fading@count=\count458
)
\c@mylabelcounter=\count459
\diffdbox=\box142
 (/usr/share/texmf-dist/tex/latex/titlesec/titletoc.sty
Package: titletoc 2021/07/05 v2.14 TOC entries
\ttl@leftsep=\dimen331
) (/usr/share/texmf-dist/tex/latex/base/fix-cm.sty
Package: fix-cm 2020/11/24 v1.1t fixes to LaTeX
 (/usr/share/texmf-dist/tex/latex/base/ts1enc.def
File: ts1enc.def 2001/06/05 v3.0e (jk/car/fm) Standard LaTeX file
LaTeX Font Info:    Redeclaring font encoding TS1 on input line 47.
))) (./macros.tex) (./letterfonts.tex) (/usr/share/texmf-dist/tex/latex/parskip/parskip.sty
Package: parskip 2021-03-14 v2.0h non-zero parskip adjustments
) (./deep_learning.aux)
\openout1 = `deep_learning.aux'.

LaTeX Font Info:    Checking defaults for OML/npxmi/m/it on input line 14.
LaTeX Font Info:    Trying to load font information for OML+npxmi on input line 14.
 (/usr/share/texmf-dist/tex/latex/newpx/omlnpxmi.fd
File: omlnpxmi.fd 2013/03/21 Fontinst v1.933 font definitions for OML/npxmi.
)
LaTeX Font Info:    ... okay on input line 14.
LaTeX Font Info:    Checking defaults for OMS/cmsy/m/n on input line 14.
LaTeX Font Info:    ... okay on input line 14.
LaTeX Font Info:    Checking defaults for OT1/cmr/m/n on input line 14.
LaTeX Font Info:    ... okay on input line 14.
LaTeX Font Info:    Checking defaults for T1/cmr/m/n on input line 14.
LaTeX Font Info:    ... okay on input line 14.
LaTeX Font Info:    Checking defaults for TS1/cmr/m/n on input line 14.
LaTeX Font Info:    ... okay on input line 14.
LaTeX Font Info:    Checking defaults for OMX/cmex/m/n on input line 14.
LaTeX Font Info:    ... okay on input line 14.
LaTeX Font Info:    Checking defaults for U/npxexa/m/n on input line 14.
LaTeX Font Info:    Trying to load font information for U+npxexa on input line 14.
 (/usr/share/texmf-dist/tex/latex/newpx/unpxexa.fd
File: unpxexa.fd 2013/03/24 Fontinst v1.933 font definitions for U/npxexa.
)
LaTeX Font Info:    ... okay on input line 14.
LaTeX Font Info:    Checking defaults for LMS/npxsy/m/n on input line 14.
LaTeX Font Info:    Trying to load font information for LMS+npxsy on input line 14.
 (/usr/share/texmf-dist/tex/latex/newpx/lmsnpxsy.fd
File: lmsnpxsy.fd 2016/07/04 Fontinst v1.933 font definitions for LMS/npxsy.
)
LaTeX Font Info:    ... okay on input line 14.
LaTeX Font Info:    Checking defaults for LMX/npxexx/m/n on input line 14.
LaTeX Font Info:    Trying to load font information for LMX+npxexx on input line 14.
 (/usr/share/texmf-dist/tex/latex/newpx/lmxnpxexx.fd
File: lmxnpxexx.fd 2016/07/04 Fontinst v1.933 font definitions for LMX/npxexx.
)
LaTeX Font Info:    ... okay on input line 14.
LaTeX Font Info:    Checking defaults for PD1/pdf/m/n on input line 14.
LaTeX Font Info:    ... okay on input line 14.
LaTeX Font Info:    Checking defaults for PU/pdf/m/n on input line 14.
LaTeX Font Info:    ... okay on input line 14.
\c@lstlisting=\count460

*geometry* driver: auto-detecting
*geometry* detected driver: pdftex
*geometry* verbose mode - [ preamble ] result:
* driver: pdftex
* paper: <default>
* layout: <same size as paper>
* layoutoffset:(h,v)=(0.0pt,0.0pt)
* modes: 
* h-part:(L,W,R)=(61.42993pt, 491.43513pt, 61.42993pt)
* v-part:(T,H,B)=(61.42993pt, 676.63455pt, 56.9055pt)
* \paperwidth=614.295pt
* \paperheight=794.96999pt
* \textwidth=491.43513pt
* \textheight=676.63455pt
* \oddsidemargin=-10.84006pt
* \evensidemargin=-10.84006pt
* \topmargin=-47.84006pt
* \headheight=12.0pt
* \headsep=25.0pt
* \topskip=10.0pt
* \footskip=14.45377pt
* \marginparwidth=65.0pt
* \marginparsep=11.0pt
* \columnsep=10.0pt
* \skip\footins=9.0pt plus 4.0pt minus 2.0pt
* \hoffset=0.0pt
* \voffset=0.0pt
* \mag=1000
* \@twocolumnfalse
* \@twosidefalse
* \@mparswitchfalse
* \@reversemarginfalse
* (1in=72.27pt=25.4mm, 1cm=28.453pt)

LaTeX Info: Command `\dddot' is already robust on input line 14.
LaTeX Info: Command `\ddddot' is already robust on input line 14.
(/usr/share/texmf-dist/tex/context/base/mkii/supp-pdf.mkii
[Loading MPS to PDF converter (version 2006.09.02).]
\scratchcounter=\count461
\scratchdimen=\dimen332
\scratchbox=\box143
\nofMPsegments=\count462
\nofMParguments=\count463
\everyMPshowfont=\toks54
\MPscratchCnt=\count464
\MPscratchDim=\dimen333
\MPnumerator=\count465
\makeMPintoPDFobject=\count466
\everyMPtoPDFconversion=\toks55
) (/usr/share/texmf-dist/tex/latex/epstopdf-pkg/epstopdf-base.sty
Package: epstopdf-base 2020-01-24 v2.11 Base part for package epstopdf
Package epstopdf-base Info: Redefining graphics rule for `.eps' on input line 485.
 (/usr/share/texmf-dist/tex/latex/latexconfig/epstopdf-sys.cfg
File: epstopdf-sys.cfg 2010/07/13 v1.3 Configuration of (r)epstopdf for TeX Live
))
Package hyperref Info: Link coloring ON on input line 14.
 (/usr/share/texmf-dist/tex/latex/base/inputenc.sty
Package: inputenc 2021/02/14 v1.3d Input encoding file
\inpenc@prehook=\toks56
\inpenc@posthook=\toks57
) (/usr/share/texmf-dist/tex/latex/pdflscape/pdflscape.sty
Package: pdflscape 2022-10-27 v0.13 Display of landscape pages in PDF
 (/usr/share/texmf-dist/tex/latex/pdflscape/pdflscape-nometadata.sty
Package: pdflscape-nometadata 2022-10-28 v0.13 Display of landscape pages in PDF (HO)
 (/usr/share/texmf-dist/tex/latex/graphics/lscape.sty
Package: lscape 2020/05/28 v3.02 Landscape Pages (DPC)
)
Package pdflscape Info: Auto-detected driver: pdftex on input line 81.
))
LaTeX Font Info:    Trying to load font information for U+msa on input line 17.
 (/usr/share/texmf-dist/tex/latex/amsfonts/umsa.fd
File: umsa.fd 2013/01/14 v3.01 AMS symbols A
)
LaTeX Font Info:    Trying to load font information for U+msb on input line 17.
 (/usr/share/texmf-dist/tex/latex/amsfonts/umsb.fd
File: umsb.fd 2013/01/14 v3.01 AMS symbols B
)
LaTeX Font Info:    Trying to load font information for U+npxmia on input line 17.
 (/usr/share/texmf-dist/tex/latex/newpx/unpxmia.fd
File: unpxmia.fd 2013/03/24 Fontinst v1.933 font definitions for U/npxmia.
)
LaTeX Font Info:    Trying to load font information for U+npxsym on input line 17.
 (/usr/share/texmf-dist/tex/latex/newpx/unpxsym.fd
File: unpxsym.fd 2015/03/21 Fontinst v1.933 font definitions for U/npxsym.
)
LaTeX Font Info:    Trying to load font information for U+npxsyc on input line 17.
 (/usr/share/texmf-dist/tex/latex/newpx/unpxsyc.fd
File: unpxsyc.fd 2013/03/24 Fontinst v1.933 font definitions for U/npxsyc.
) [1

{/var/lib/texmf/fonts/map/pdftex/updmap/pdftex.map}]
Chapter 1.
<./images//0.png, id=49, 772.8875pt x 614.295pt>
File: ./images//0.png Graphic file (type png)
<use ./images//0.png>
Package pdftex.def Info: ./images//0.png  used on input line 23.
(pdftex.def)             Requested size: 250.0pt x 198.6968pt.

pdfTeX warning (ext4): destination with the same identifier (name{page.1}) has been already used, duplicate ignored
<to be read again> 
                   \relax 
l.36 \subsection
                {Limitations of Linear Perceptron} [1

 <./images//0.png (PNG copy)>]
<./images//1.png, id=64, 469.755pt x 163.61125pt>
File: ./images//1.png Graphic file (type png)
<use ./images//1.png>
Package pdftex.def Info: ./images//1.png  used on input line 42.
(pdftex.def)             Requested size: 250.0pt x 87.07303pt.
 [2 <./images//1.png (PNG copy)>]
<./images//2.png, id=81, 1927.2pt x 963.6pt>
File: ./images//2.png Graphic file (type png)
<use ./images//2.png>
Package pdftex.def Info: ./images//2.png  used on input line 85.
(pdftex.def)             Requested size: 250.0pt x 124.99303pt.
<./images//3.png, id=83, 1927.2pt x 963.6pt>
File: ./images//3.png Graphic file (type png)
<use ./images//3.png>
Package pdftex.def Info: ./images//3.png  used on input line 104.
(pdftex.def)             Requested size: 250.0pt x 124.99303pt.
 [3 <./images//2.png>]
<./images//4.png, id=92, 1927.2pt x 963.6pt>
File: ./images//4.png Graphic file (type png)
<use ./images//4.png>
Package pdftex.def Info: ./images//4.png  used on input line 122.
(pdftex.def)             Requested size: 250.0pt x 124.99303pt.
 [4 <./images//3.png> <./images//4.png>]
<./images//6.png, id=104, 948.54375pt x 476.78125pt>
File: ./images//6.png Graphic file (type png)
<use ./images//6.png>
Package pdftex.def Info: ./images//6.png  used on input line 146.
(pdftex.def)             Requested size: 250.0pt x 125.66257pt.
<./images//7.png, id=105, 346.29375pt x 292.09125pt>
File: ./images//7.png Graphic file (type png)
<use ./images//7.png>
Package pdftex.def Info: ./images//7.png  used on input line 156.
(pdftex.def)             Requested size: 250.0pt x 210.876pt.
 [5 <./images//6.png> <./images//7.png>] [6] [7]
<./images//8.png, id=131, 848.16875pt x 438.63875pt>
File: ./images//8.png Graphic file (type png)
<use ./images//8.png>
Package pdftex.def Info: ./images//8.png  used on input line 265.
(pdftex.def)             Requested size: 250.0pt x 129.2902pt.
 [8{/usr/share/texmf-dist/fonts/enc/dvips/cm-super/cm-super-ts1.enc} <./images//8.png>] [9] [10]
<./images//5.png, id=157, 685.56125pt x 325.215pt>
File: ./images//5.png Graphic file (type png)
<use ./images//5.png>
Package pdftex.def Info: ./images//5.png  used on input line 374.
(pdftex.def)             Requested size: 250.0pt x 118.5958pt.
 [11 <./images//5.png>] [12]
Chapter 2.
<./images//9.png, id=174, 1491.5725pt x 633.36626pt>
File: ./images//9.png Graphic file (type png)
<use ./images//9.png>
Package pdftex.def Info: ./images//9.png  used on input line 412.
(pdftex.def)             Requested size: 250.0pt x 106.15353pt.
[13

]
<./images//10.png, id=182, 642.4pt x 477.785pt>
File: ./images//10.png Graphic file (type png)
<use ./images//10.png>
Package pdftex.def Info: ./images//10.png  used on input line 433.
(pdftex.def)             Requested size: 250.0pt x 185.93442pt.
 [14 <./images//9.png> <./images//10.png (PNG copy)>]
<./images//11.png, id=192, 2213.26875pt x 655.44875pt>
File: ./images//11.png Graphic file (type png)
<use ./images//11.png>
Package pdftex.def Info: ./images//11.png  used on input line 440.
(pdftex.def)             Requested size: 350.0pt x 103.64377pt.
 [15

 <./images//11.png>] [16] [17]
<./images//12.png, id=212, 778.91pt x 223.83624pt>
File: ./images//12.png Graphic file (type png)
<use ./images//12.png>
Package pdftex.def Info: ./images//12.png  used on input line 557.
(pdftex.def)             Requested size: 250.0pt x 71.8408pt.
<./images//13.png, id=213, 451.6875pt x 443.6575pt>
File: ./images//13.png Graphic file (type png)
<use ./images//13.png>
Package pdftex.def Info: ./images//13.png  used on input line 562.
(pdftex.def)             Requested size: 250.0pt x 245.56262pt.
 [18 <./images//12.png>]
<./images//19.png, id=225, 249.93375pt x 245.91875pt>
File: ./images//19.png Graphic file (type png)
<use ./images//19.png>
Package pdftex.def Info: ./images//19.png  used on input line 574.
(pdftex.def)             Requested size: 100.0pt x 98.39201pt.
 [19 <./images//13.png (PNG copy)> <./images//19.png>] [20] [21] [22] [23]
<./images//14.png, id=254, 265.99374pt x 262.9825pt>
File: ./images//14.png Graphic file (type png)
<use ./images//14.png>
Package pdftex.def Info: ./images//14.png  used on input line 760.
(pdftex.def)             Requested size: 100.0pt x 98.86697pt.
<./images//15.png, id=255, 1066.98625pt x 397.485pt>
File: ./images//15.png Graphic file (type png)
<use ./images//15.png>
Package pdftex.def Info: ./images//15.png  used on input line 765.
(pdftex.def)             Requested size: 450.0pt x 167.64005pt.
 [24 <./images//14.png> <./images//15.png (PNG copy)>] [25] [26] [27]
<./images//20.png, id=296, 979.66pt x 495.8525pt>
File: ./images//20.png Graphic file (type png)
<use ./images//20.png>
Package pdftex.def Info: ./images//20.png  used on input line 914.
(pdftex.def)             Requested size: 450.0pt x 227.76201pt.
<./images//21.png, id=297, 952.55875pt x 422.57875pt>
File: ./images//21.png Graphic file (type png)
<use ./images//21.png>
Package pdftex.def Info: ./images//21.png  used on input line 915.
(pdftex.def)             Requested size: 450.0pt x 199.63081pt.
 [28 <./images//20.png (PNG copy)> <./images//21.png (PNG copy)>] [29]
<./images//16.png, id=307, 958.58125pt x 522.95375pt>
File: ./images//16.png Graphic file (type png)
<use ./images//16.png>
Package pdftex.def Info: ./images//16.png  used on input line 988.
(pdftex.def)             Requested size: 250.0pt x 136.3797pt.
<./images//17.png, id=308, 665.48625pt x 503.8825pt>
File: ./images//17.png Graphic file (type png)
<use ./images//17.png>
Package pdftex.def Info: ./images//17.png  used on input line 996.
(pdftex.def)             Requested size: 250.0pt x 189.28609pt.
<./images//18.png, id=309, 1256.695pt x 679.53876pt>
File: ./images//18.png Graphic file (type png)
<use ./images//18.png>
Package pdftex.def Info: ./images//18.png  used on input line 1001.
(pdftex.def)             Requested size: 450.0pt x 243.32729pt.
 [30 <./images//16.png>] [31 <./images//17.png>] [32 <./images//18.png>]
<./images//22.png, id=330, 710.655pt x 457.71pt>
File: ./images//22.png Graphic file (type png)
<use ./images//22.png>
Package pdftex.def Info: ./images//22.png  used on input line 1056.
(pdftex.def)             Requested size: 250.0pt x 161.01804pt.
 [33

 <./images//22.png>] [34] [35]
Chapter 3.
[36

]
<./images//46.png, id=371, 753.81625pt x 521.95pt>
File: ./images//46.png Graphic file (type png)
<use ./images//46.png>
Package pdftex.def Info: ./images//46.png  used on input line 1174.
(pdftex.def)             Requested size: 250.0pt x 173.0962pt.
 [37 <./images//46.png>]
<./images//24.png, id=380, 331.2375pt x 105.39375pt>
File: ./images//24.png Graphic file (type png)
<use ./images//24.png>
Package pdftex.def Info: ./images//24.png  used on input line 1192.
(pdftex.def)             Requested size: 150.0pt x 47.72746pt.
<./images//25.png, id=381, 331.2375pt x 117.43875pt>
File: ./images//25.png Graphic file (type png)
<use ./images//25.png>
Package pdftex.def Info: ./images//25.png  used on input line 1193.
(pdftex.def)             Requested size: 150.0pt x 53.18204pt.
 [38 <./images//24.png (PNG copy)> <./images//25.png (PNG copy)>]
<./images//26.png, id=394, 272.01625pt x 273.02pt>
File: ./images//26.png Graphic file (type png)
<use ./images//26.png>
Package pdftex.def Info: ./images//26.png  used on input line 1242.
(pdftex.def)             Requested size: 100.0pt x 100.37009pt.
 [39 <./images//26.png>]
<./images//27.png, id=402, 621.32124pt x 620.3175pt>
File: ./images//27.png Graphic file (type png)
<use ./images//27.png>
Package pdftex.def Info: ./images//27.png  used on input line 1260.
(pdftex.def)             Requested size: 250.0pt x 249.58972pt.
<./images//28.png, id=403, 534.99875pt x 546.04pt>
File: ./images//28.png Graphic file (type png)
<use ./images//28.png>
Package pdftex.def Info: ./images//28.png  used on input line 1275.
(pdftex.def)             Requested size: 250.0pt x 255.1641pt.
<./images//29.png, id=404, 534.99875pt x 546.04pt>
File: ./images//29.png Graphic file (type png)
<use ./images//29.png>
Package pdftex.def Info: ./images//29.png  used on input line 1281.
(pdftex.def)             Requested size: 250.0pt x 255.1641pt.
<./images//30.png, id=405, 534.99875pt x 304.13625pt>
File: ./images//30.png Graphic file (type png)
<use ./images//30.png>
Package pdftex.def Info: ./images//30.png  used on input line 1287.
(pdftex.def)             Requested size: 250.0pt x 142.12263pt.
 [40 <./images//27.png>] [41 <./images//28.png>] [42 <./images//29.png>]
<./images//31.png, id=430, 636.3775pt x 622.325pt>
File: ./images//31.png Graphic file (type png)
<use ./images//31.png>
Package pdftex.def Info: ./images//31.png  used on input line 1354.
(pdftex.def)             Requested size: 250.0pt x 244.472pt.
 [43 <./images//30.png>]
<./images//47.png, id=442, 468.75125pt x 442.65375pt>
File: ./images//47.png Graphic file (type png)
<use ./images//47.png>
Package pdftex.def Info: ./images//47.png  used on input line 1369.
(pdftex.def)             Requested size: 250.0pt x 236.0778pt.
<./images//48.png, id=443, 538.01pt x 321.2pt>
File: ./images//48.png Graphic file (type png)
<use ./images//48.png>
Package pdftex.def Info: ./images//48.png  used on input line 1375.
(pdftex.def)             Requested size: 250.0pt x 149.25352pt.
 [44 <./images//31.png>] [45 <./images//47.png>] [46 <./images//48.png>]
<./images//49.png, id=463, 1008.76875pt x 518.93875pt>
File: ./images//49.png Graphic file (type png)
<use ./images//49.png>
Package pdftex.def Info: ./images//49.png  used on input line 1433.
(pdftex.def)             Requested size: 350.0pt x 180.0476pt.
<./images//50.png, id=464, 1150.2975pt x 335.2525pt>
File: ./images//50.png Graphic file (type png)
<use ./images//50.png>
Package pdftex.def Info: ./images//50.png  used on input line 1446.
(pdftex.def)             Requested size: 350.0pt x 102.00375pt.
 [47 <./images//49.png>]
<./images//51.png, id=474, 1195.46625pt x 310.15875pt>
File: ./images//51.png Graphic file (type png)
<use ./images//51.png>
Package pdftex.def Info: ./images//51.png  used on input line 1462.
(pdftex.def)             Requested size: 350.0pt x 90.80507pt.
 [48 <./images//50.png> <./images//51.png>]
<./images//52.png, id=485, 1121.18875pt x 561.09625pt>
File: ./images//52.png Graphic file (type png)
<use ./images//52.png>
Package pdftex.def Info: ./images//52.png  used on input line 1482.
(pdftex.def)             Requested size: 350.0pt x 175.1538pt.
<./images//53.png, id=486, 1433.355pt x 217.81375pt>
File: ./images//53.png Graphic file (type png)
<use ./images//53.png>
Package pdftex.def Info: ./images//53.png  used on input line 1488.
(pdftex.def)             Requested size: 350.0pt x 53.18369pt.
 [49 <./images//52.png> <./images//53.png>]
<./images//54.png, id=496, 1191.45125pt x 480.79625pt>
File: ./images//54.png Graphic file (type png)
<use ./images//54.png>
Package pdftex.def Info: ./images//54.png  used on input line 1523.
(pdftex.def)             Requested size: 350.0pt x 141.23941pt.
 [50 <./images//54.png (PNG copy)>]
Chapter 4.
[51

]
<./images//32.png, id=517, 1104.125pt x 343.2825pt>
File: ./images//32.png Graphic file (type png)
<use ./images//32.png>
Package pdftex.def Info: ./images//32.png  used on input line 1563.
(pdftex.def)             Requested size: 350.0pt x 108.82074pt.
<./images//33.png, id=518, 484.81125pt x 254.9525pt>
File: ./images//33.png Graphic file (type png)
<use ./images//33.png>
Package pdftex.def Info: ./images//33.png  used on input line 1571.
(pdftex.def)             Requested size: 250.0pt x 131.47122pt.
 [52 <./images//32.png (PNG copy)> <./images//33.png>]
<./images//34.png, id=529, 616.3025pt x 103.38625pt>
File: ./images//34.png Graphic file (type png)
<use ./images//34.png>
Package pdftex.def Info: ./images//34.png  used on input line 1589.
(pdftex.def)             Requested size: 250.0pt x 41.93745pt.
<./images//35.png, id=530, 606.265pt x 160.6pt>
File: ./images//35.png Graphic file (type png)
<use ./images//35.png>
Package pdftex.def Info: ./images//35.png  used on input line 1617.
(pdftex.def)             Requested size: 300.0pt x 79.4715pt.
 [53 <./images//34.png>]
<./images//36.png, id=538, 591.20876pt x 422.57875pt>
File: ./images//36.png Graphic file (type png)
<use ./images//36.png>
Package pdftex.def Info: ./images//36.png  used on input line 1641.
(pdftex.def)             Requested size: 250.0pt x 178.68764pt.
<./images//37.png, id=539, 602.25pt x 422.57875pt>
File: ./images//37.png Graphic file (type png)
<use ./images//37.png>
Package pdftex.def Info: ./images//37.png  used on input line 1647.
(pdftex.def)             Requested size: 250.0pt x 175.41849pt.
<./images//38.png, id=540, 435.6275pt x 344.28625pt>
File: ./images//38.png Graphic file (type png)
<use ./images//38.png>
Package pdftex.def Info: ./images//38.png  used on input line 1653.
(pdftex.def)             Requested size: 250.0pt x 197.57954pt.
 [54 <./images//35.png> <./images//36.png>] [55 <./images//37.png> <./images//38.png>]
<./images//39.png, id=560, 435.6275pt x 344.28625pt>
File: ./images//39.png Graphic file (type png)
<use ./images//39.png>
Package pdftex.def Info: ./images//39.png  used on input line 1721.
(pdftex.def)             Requested size: 250.0pt x 197.57954pt.
 [56]
<./images//40.png, id=566, 438.63875pt x 450.68375pt>
File: ./images//40.png Graphic file (type png)
<use ./images//40.png>
Package pdftex.def Info: ./images//40.png  used on input line 1733.
(pdftex.def)             Requested size: 250.0pt x 256.87177pt.
 [57 <./images//39.png>] [58 <./images//40.png>] [59] [60]
<./images//41.png, id=607, 321.2pt x 539.01375pt>
File: ./images//41.png Graphic file (type png)
<use ./images//41.png>
Package pdftex.def Info: ./images//41.png  used on input line 1832.
(pdftex.def)             Requested size: 250.0pt x 419.54076pt.
 [61 <./images//41.png>]
<./images//42.png, id=616, 481.8pt x 529.98pt>
File: ./images//42.png Graphic file (type png)
<use ./images//42.png>
Package pdftex.def Info: ./images//42.png  used on input line 1847.
(pdftex.def)             Requested size: 250.0pt x 275.00084pt.
 [62 <./images//42.png>]
<./images//43.png, id=627, 2642.87375pt x 1504.62125pt>
File: ./images//43.png Graphic file (type png)
<use ./images//43.png>
Package pdftex.def Info: ./images//43.png  used on input line 1890.
(pdftex.def)             Requested size: 350.0pt x 199.25806pt.
 [63] [64 <./images//43.png (PNG copy)>]
<./images//44.png, id=651, 552.0625pt x 281.05pt>
File: ./images//44.png Graphic file (type png)
<use ./images//44.png>
Package pdftex.def Info: ./images//44.png  used on input line 1942.
(pdftex.def)             Requested size: 350.0pt x 178.19029pt.
 [65 <./images//44.png (PNG copy)>] [66] [67]
<./images//45.png, id=683, 1094.0875pt x 1523.6925pt>
File: ./images//45.png Graphic file (type png)
<use ./images//45.png>
Package pdftex.def Info: ./images//45.png  used on input line 2040.
(pdftex.def)             Requested size: 250.0pt x 348.16344pt.
 [68 <./images//45.png (PNG copy)>]
Chapter 5.
[69

] [70] [71]
<./images//57.png, id=725, 263.98625pt x 262.9825pt>
File: ./images//57.png Graphic file (type png)
<use ./images//57.png>
Package pdftex.def Info: ./images//57.png  used on input line 2150.
(pdftex.def)             Requested size: 100.0pt x 99.61737pt.
 [72 <./images//57.png>] [73]
<./images//55.png, id=748, 702.625pt x 245.91875pt>
File: ./images//55.png Graphic file (type png)
<use ./images//55.png>
Package pdftex.def Info: ./images//55.png  used on input line 2221.
(pdftex.def)             Requested size: 250.0pt x 87.49876pt.
<./images//59.png, id=749, 1405.25pt x 1065.9825pt>
File: ./images//59.png Graphic file (type png)
<use ./images//59.png>
Package pdftex.def Info: ./images//59.png  used on input line 2234.
(pdftex.def)             Requested size: 350.0pt x 265.50276pt.
 [74 <./images//55.png (PNG copy)>] [75 <./images//59.png (PNG copy)>] [76]
<./images//56.png, id=772, 997.7275pt x 521.95pt>
File: ./images//56.png Graphic file (type png)
<use ./images//56.png>
Package pdftex.def Info: ./images//56.png  used on input line 2310.
(pdftex.def)             Requested size: 350.0pt x 183.09937pt.
 [77 <./images//56.png>]
<./images//58.png, id=780, 1401.235pt x 822.07124pt>
File: ./images//58.png Graphic file (type png)
<use ./images//58.png>
Package pdftex.def Info: ./images//58.png  used on input line 2345.
(pdftex.def)             Requested size: 450.0pt x 263.9964pt.
 [78 <./images//58.png>] (./deep_learning.aux) ) 
Here is how much of TeX's memory you used:
 38597 strings out of 477985
 766774 string characters out of 5840057
 1868388 words of memory out of 5000000
 57698 multiletter control sequences out of 15000+600000
 557919 words of font info for 162 fonts, out of 8000000 for 9000
 14 hyphenation exceptions out of 8191
 99i,11n,102p,1215b,591s stack positions out of 10000i,1000n,20000p,200000b,200000s
</usr/share/texmf-dist/fonts/type1/public/newpx/NewPXBMI.pfb></usr/share/texmf-dist/fonts/type1/public/newpx/NewPXBMI_gnu.pfb></usr/share/texmf-dist/fonts/type1/public/newpx/NewPXMI.pfb></usr/share/texmf-dist/fonts/type1/public/newpx/NewPXMI_gnu.pfb></usr/share/texmf-dist/fonts/type1/public/amsfonts/cm/cmb10.pfb></usr/share/texmf-dist/fonts/type1/public/amsfonts/cm/cmbx10.pfb></usr/share/texmf-dist/fonts/type1/public/amsfonts/cm/cmbx12.pfb></usr/share/texmf-dist/fonts/type1/public/amsfonts/cm/cmbxti10.pfb></usr/share/texmf-dist/fonts/type1/public/amsfonts/cm/cmr10.pfb></usr/share/texmf-dist/fonts/type1/public/amsfonts/cm/cmr17.pfb></usr/share/texmf-dist/fonts/type1/public/amsfonts/cm/cmr5.pfb></usr/share/texmf-dist/fonts/type1/public/amsfonts/cm/cmr7.pfb></usr/share/texmf-dist/fonts/type1/public/amsfonts/cm/cmti10.pfb></usr/share/texmf-dist/fonts/type1/public/amsfonts/cm/cmtt10.pfb></usr/share/texmf-dist/fonts/type1/public/amsfonts/latxfont/line10.pfb></usr/share/texmf-dist/fonts/type1/public/newpx/pxbsys.pfb></usr/share/texmf-dist/fonts/type1/public/newpx/pxmiaX.pfb></usr/share/texmf-dist/fonts/type1/public/newpx/pxsys.pfb></usr/share/texmf-dist/fonts/type1/public/cm-super/sfrm1000.pfb></usr/share/texmf-dist/fonts/type1/public/newtx/txexas.pfb></usr/share/texmf-dist/fonts/type1/public/newtx/txexs.pfb></usr/share/texmf-dist/fonts/type1/public/txfonts/txsya.pfb>
Output written on deep_learning.pdf (79 pages, 5324249 bytes).
PDF statistics:
 1281 PDF objects out of 1440 (max. 8388607)
 1019 compressed objects within 11 object streams
 366 named destinations out of 1000 (max. 500000)
 1292 words of extra memory for PDF output out of 10000 (max. 10000000)

